<?xml version="1.0" encoding="UTF-8"?>
<testsuite name="com.bobs.mount.MountServiceTest" time="9.771" tests="39" errors="0" skipped="0" failures="0">
  <properties>
[...]
</properties>
  <testcase name="updateMount_changeSerialPort" classname="com.bobs.mount.MountServiceTest" time="0.004"/>
  <testcase name="slew_fastSlewSlowSlewCombo" classname="com.bobs.mount.MountServiceTest" time="2.011"/>
  <testcase name="moveAxis_east" classname="com.bobs.mount.MountServiceTest" time="0.004"/>
  <testcase name="moveAxis_west" classname="com.bobs.mount.MountServiceTest" time="0.003"/>
  <testcase name="updateMount_changePecMode" classname="com.bobs.mount.MountServiceTest" time="0.002"/>
  <testcase name="startTracking_off" classname="com.bobs.mount.MountServiceTest" time="0.012"/>
  <testcase name="startPecOperation_idle" classname="com.bobs.mount.MountServiceTest" time="0"/>
  <testcase name="startPecOperation_play" classname="com.bobs.mount.MountServiceTest" time="0"/>
  <testcase name="queryMountState_when_mountSlewing_then_noQueriesMade" classname="com.bobs.mount.MountServiceTest" time="0"/>
  <testcase name="slew_crashInvestigation" classname="com.bobs.mount.MountServiceTest" time="2.017"/>
  <testcase name="park" classname="com.bobs.mount.MountServiceTest" time="3.652"/>
  <testcase name="sync" classname="com.bobs.mount.MountServiceTest" time="0.044"/>
  <testcase name="guide_east" classname="com.bobs.mount.MountServiceTest" time="0.017"/>
  <testcase name="guide_west" classname="com.bobs.mount.MountServiceTest" time="0.024"/>
  <testcase name="updateMount_changeSlewLimitAlt" classname="com.bobs.mount.MountServiceTest" time="0"/>
  <testcase name="unpark_then_guideRateSetPositionAndGpsQueried" classname="com.bobs.mount.MountServiceTest" time="0.018"/>
  <testcase name="startPecOperation_rec" classname="com.bobs.mount.MountServiceTest" time="0"/>
  <testcase name="moveAxis_withRate0" classname="com.bobs.mount.MountServiceTest" time="0.001"/>
  <testcase name="moveAxis_withRate1" classname="com.bobs.mount.MountServiceTest" time="0"/>
  <testcase name="moveAxis_withRate2" classname="com.bobs.mount.MountServiceTest" time="0"/>
  <testcase name="moveAxis_withRate3" classname="com.bobs.mount.MountServiceTest" time="0"/>
  <testcase name="slew_slowSlewOnly" classname="com.bobs.mount.MountServiceTest" time="0.904"/>
  <testcase name="getMount_notConnected_throwsException" classname="com.bobs.mount.MountServiceTest" time="0"/>
  <testcase name="updateMount_changeSlewLimitAz" classname="com.bobs.mount.MountServiceTest" time="0"/>
  <testcase name="updateMount_changeGuideRate" classname="com.bobs.mount.MountServiceTest" time="0"/>
  <testcase name="updateMount_setLocation" classname="com.bobs.mount.MountServiceTest" time="0"/>
  <testcase name="connect" classname="com.bobs.mount.MountServiceTest" time="0"/>
  <testcase name="startPecOperation_index" classname="com.bobs.mount.MountServiceTest" time="0.023"/>
  <testcase name="startTracking" classname="com.bobs.mount.MountServiceTest" time="0"/>
  <testcase name="slew_notAligned_throwsException" classname="com.bobs.mount.MountServiceTest" time="0"/>
  <testcase name="queryMountState_when_gpsInfoUptoDate_then_onlyPositionIsQueried" classname="com.bobs.mount.MountServiceTest" time="0.001"/>
  <testcase name="queryMountState_when_gpsInfoStale_then_gpsAndPositionIsQueried" classname="com.bobs.mount.MountServiceTest" time="0.008"/>
  <testcase name="park_when_targetBelowHorizion_then_slewLimitPreventsDamage" classname="com.bobs.mount.MountServiceTest" time="1.002"/>
  <testcase name="moveAxis_abort" classname="com.bobs.mount.MountServiceTest" time="0"/>
  <testcase name="moveAxis_north" classname="com.bobs.mount.MountServiceTest" time="0.003"/>
  <testcase name="moveAxis_south" classname="com.bobs.mount.MountServiceTest" time="0"/>
  <testcase name="getMount" classname="com.bobs.mount.MountServiceTest" time="0"/>
  <testcase name="guide_north" classname="com.bobs.mount.MountServiceTest" time="0.01"/>
  <testcase name="guide_south" classname="com.bobs.mount.MountServiceTest" time="0.011"/>
</testsuite>